<?xml version="1.0" encoding="UTF-8"?>
<!-- Generated by org.testng.reporters.JUnitReportReporter -->
<testsuite hostname="DESKTOP-BI3CN01" failures="0" tests="1" name="com.qa.beameducation.pages.Case1_Page" time="0.014" errors="0" timestamp="2023-12-08T17:06:01 IST" skipped="0">
  <testcase classname="com.qa.beameducation.pages.Case1_Page" name="RafflouxRestApiFuntValidations" time="0.014"/>
</testsuite> <!-- com.qa.beameducation.pages.Case1_Page -->
