<?xml version="1.0" encoding="UTF-8"?>
<!-- Generated by org.testng.reporters.JUnitReportReporter -->
<testsuite hostname="DESKTOP-BI3CN01" failures="0" tests="1" name="com.qa.beameducation.pages.exceldata" time="0.029" errors="0" timestamp="2023-12-08T17:21:28 IST" skipped="0">
  <testcase classname="com.qa.beameducation.pages.exceldata" name="RafflouxRestApiFuntValidations" time="0.029"/>
</testsuite> <!-- com.qa.beameducation.pages.exceldata -->
