<?xml version="1.0" encoding="UTF-8"?>
<!-- Generated by org.testng.reporters.JUnitReportReporter -->
<testsuite hostname="DESKTOP-BI3CN01" failures="0" tests="2" name="com.qa.beameducation.testscripts.exceldata" time="0.021" errors="0" timestamp="2023-12-09T21:13:25 IST" skipped="0">
  <testcase classname="com.qa.beameducation.testscripts.exceldata" name="RafflouxRestApiFuntValidations" time="0.019"/>
  <testcase classname="com.qa.beameducation.testscripts.exceldata" name="RafflouxRestApiFuntValidations" time="0.002"/>
</testsuite> <!-- com.qa.beameducation.testscripts.exceldata -->
