<?xml version="1.0" encoding="UTF-8"?>
<!-- Generated by org.testng.reporters.JUnitReportReporter -->
<testsuite hostname="DESKTOP-BI3CN01" failures="0" tests="1" name="com.qa.beameducation.pages.Case1" time="1.425" errors="0" timestamp="2023-12-08T14:44:44 IST" skipped="0">
  <testcase classname="com.qa.beameducation.pages.Case1" name="getMultipleExcelData" time="1.425"/>
</testsuite> <!-- com.qa.beameducation.pages.Case1 -->
