<?xml version="1.0" encoding="UTF-8"?>
<!-- Generated by org.testng.reporters.JUnitReportReporter -->
<testsuite hostname="DESKTOP-BI3CN01" failures="0" tests="2" name="com.qa.beameducation.testscripts.Case1TestClass" time="97.519" errors="0" timestamp="2023-12-11T18:24:19 IST" skipped="0">
  <testcase classname="com.qa.beameducation.testscripts.Case1TestClass" name="addcase" time="48.549"/>
  <testcase classname="com.qa.beameducation.testscripts.Case1TestClass" name="addcase" time="48.970"/>
</testsuite> <!-- com.qa.beameducation.testscripts.Case1TestClass -->
