<?xml version="1.0" encoding="UTF-8"?>
<!-- Generated by org.testng.reporters.JUnitReportReporter -->
<testsuite hostname="DESKTOP-BI3CN01" failures="0" tests="73" name="com.qa.beameducation.testscripts.Class6Test" time="2733.957" errors="0" timestamp="2023-12-20T15:28:49 IST" skipped="0">
  <testcase classname="com.qa.beameducation.testscripts.Class6Test" name="addcase" time="37.239"/>
  <testcase classname="com.qa.beameducation.testscripts.Class6Test" name="addcase" time="37.146"/>
  <testcase classname="com.qa.beameducation.testscripts.Class6Test" name="addcase" time="37.722"/>
  <testcase classname="com.qa.beameducation.testscripts.Class6Test" name="addcase" time="37.403"/>
  <testcase classname="com.qa.beameducation.testscripts.Class6Test" name="addcase" time="37.719"/>
  <testcase classname="com.qa.beameducation.testscripts.Class6Test" name="addcase" time="37.488"/>
  <testcase classname="com.qa.beameducation.testscripts.Class6Test" name="addcase" time="37.371"/>
  <testcase classname="com.qa.beameducation.testscripts.Class6Test" name="addcase" time="37.509"/>
  <testcase classname="com.qa.beameducation.testscripts.Class6Test" name="addcase" time="37.640"/>
  <testcase classname="com.qa.beameducation.testscripts.Class6Test" name="addcase" time="37.186"/>
  <testcase classname="com.qa.beameducation.testscripts.Class6Test" name="addcase" time="37.884"/>
  <testcase classname="com.qa.beameducation.testscripts.Class6Test" name="addcase" time="37.795"/>
  <testcase classname="com.qa.beameducation.testscripts.Class6Test" name="addcase" time="37.230"/>
  <testcase classname="com.qa.beameducation.testscripts.Class6Test" name="addcase" time="37.085"/>
  <testcase classname="com.qa.beameducation.testscripts.Class6Test" name="addcase" time="38.207"/>
  <testcase classname="com.qa.beameducation.testscripts.Class6Test" name="addcase" time="37.360"/>
  <testcase classname="com.qa.beameducation.testscripts.Class6Test" name="addcase" time="37.122"/>
  <testcase classname="com.qa.beameducation.testscripts.Class6Test" name="addcase" time="38.536"/>
  <testcase classname="com.qa.beameducation.testscripts.Class6Test" name="addcase" time="37.083"/>
  <testcase classname="com.qa.beameducation.testscripts.Class6Test" name="addcase" time="38.140"/>
  <testcase classname="com.qa.beameducation.testscripts.Class6Test" name="addcase" time="38.429"/>
  <testcase classname="com.qa.beameducation.testscripts.Class6Test" name="addcase" time="37.801"/>
  <testcase classname="com.qa.beameducation.testscripts.Class6Test" name="addcase" time="37.143"/>
  <testcase classname="com.qa.beameducation.testscripts.Class6Test" name="addcase" time="37.735"/>
  <testcase classname="com.qa.beameducation.testscripts.Class6Test" name="addcase" time="36.809"/>
  <testcase classname="com.qa.beameducation.testscripts.Class6Test" name="addcase" time="37.200"/>
  <testcase classname="com.qa.beameducation.testscripts.Class6Test" name="addcase" time="38.963"/>
  <testcase classname="com.qa.beameducation.testscripts.Class6Test" name="addcase" time="37.296"/>
  <testcase classname="com.qa.beameducation.testscripts.Class6Test" name="addcase" time="37.473"/>
  <testcase classname="com.qa.beameducation.testscripts.Class6Test" name="addcase" time="36.788"/>
  <testcase classname="com.qa.beameducation.testscripts.Class6Test" name="addcase" time="37.037"/>
  <testcase classname="com.qa.beameducation.testscripts.Class6Test" name="addcase" time="36.922"/>
  <testcase classname="com.qa.beameducation.testscripts.Class6Test" name="addcase" time="37.231"/>
  <testcase classname="com.qa.beameducation.testscripts.Class6Test" name="addcase" time="37.593"/>
  <testcase classname="com.qa.beameducation.testscripts.Class6Test" name="addcase" time="36.655"/>
  <testcase classname="com.qa.beameducation.testscripts.Class6Test" name="addcase" time="38.579"/>
  <testcase classname="com.qa.beameducation.testscripts.Class6Test" name="addcase" time="37.995"/>
  <testcase classname="com.qa.beameducation.testscripts.Class6Test" name="addcase" time="36.736"/>
  <testcase classname="com.qa.beameducation.testscripts.Class6Test" name="addcase" time="37.402"/>
  <testcase classname="com.qa.beameducation.testscripts.Class6Test" name="addcase" time="36.526"/>
  <testcase classname="com.qa.beameducation.testscripts.Class6Test" name="addcase" time="37.982"/>
  <testcase classname="com.qa.beameducation.testscripts.Class6Test" name="addcase" time="36.272"/>
  <testcase classname="com.qa.beameducation.testscripts.Class6Test" name="addcase" time="38.685"/>
  <testcase classname="com.qa.beameducation.testscripts.Class6Test" name="addcase" time="35.949"/>
  <testcase classname="com.qa.beameducation.testscripts.Class6Test" name="addcase" time="36.806"/>
  <testcase classname="com.qa.beameducation.testscripts.Class6Test" name="addcase" time="37.688"/>
  <testcase classname="com.qa.beameducation.testscripts.Class6Test" name="addcase" time="37.768"/>
  <testcase classname="com.qa.beameducation.testscripts.Class6Test" name="addcase" time="37.146"/>
  <testcase classname="com.qa.beameducation.testscripts.Class6Test" name="addcase" time="37.097"/>
  <testcase classname="com.qa.beameducation.testscripts.Class6Test" name="addcase" time="36.916"/>
  <testcase classname="com.qa.beameducation.testscripts.Class6Test" name="addcase" time="37.751"/>
  <testcase classname="com.qa.beameducation.testscripts.Class6Test" name="addcase" time="38.779"/>
  <testcase classname="com.qa.beameducation.testscripts.Class6Test" name="addcase" time="37.765"/>
  <testcase classname="com.qa.beameducation.testscripts.Class6Test" name="addcase" time="37.192"/>
  <testcase classname="com.qa.beameducation.testscripts.Class6Test" name="addcase" time="36.625"/>
  <testcase classname="com.qa.beameducation.testscripts.Class6Test" name="addcase" time="36.031"/>
  <testcase classname="com.qa.beameducation.testscripts.Class6Test" name="addcase" time="36.687"/>
  <testcase classname="com.qa.beameducation.testscripts.Class6Test" name="addcase" time="37.595"/>
  <testcase classname="com.qa.beameducation.testscripts.Class6Test" name="addcase" time="35.702"/>
  <testcase classname="com.qa.beameducation.testscripts.Class6Test" name="addcase" time="37.641"/>
  <testcase classname="com.qa.beameducation.testscripts.Class6Test" name="addcase" time="42.159"/>
  <testcase classname="com.qa.beameducation.testscripts.Class6Test" name="addcase" time="37.561"/>
  <testcase classname="com.qa.beameducation.testscripts.Class6Test" name="addcase" time="37.098"/>
  <testcase classname="com.qa.beameducation.testscripts.Class6Test" name="addcase" time="38.684"/>
  <testcase classname="com.qa.beameducation.testscripts.Class6Test" name="addcase" time="36.466"/>
  <testcase classname="com.qa.beameducation.testscripts.Class6Test" name="addcase" time="36.735"/>
  <testcase classname="com.qa.beameducation.testscripts.Class6Test" name="addcase" time="37.527"/>
  <testcase classname="com.qa.beameducation.testscripts.Class6Test" name="addcase" time="36.494"/>
  <testcase classname="com.qa.beameducation.testscripts.Class6Test" name="addcase" time="37.435"/>
  <testcase classname="com.qa.beameducation.testscripts.Class6Test" name="addcase" time="37.471"/>
  <testcase classname="com.qa.beameducation.testscripts.Class6Test" name="addcase" time="38.000"/>
  <testcase classname="com.qa.beameducation.testscripts.Class6Test" name="addcase" time="36.779"/>
  <testcase classname="com.qa.beameducation.testscripts.Class6Test" name="addcase" time="38.293"/>
</testsuite> <!-- com.qa.beameducation.testscripts.Class6Test -->
