<?xml version="1.0" encoding="UTF-8"?>
<!-- Generated by org.testng.reporters.JUnitReportReporter -->
<testsuite hostname="DESKTOP-BI3CN01" failures="0" tests="93" name="com.qa.beameducation.testscripts.Class2Test" time="3654.971" errors="0" timestamp="2023-12-18T13:35:13 IST" skipped="0">
  <testcase classname="com.qa.beameducation.testscripts.Class2Test" name="addcase" time="41.997"/>
  <testcase classname="com.qa.beameducation.testscripts.Class2Test" name="addcase" time="38.430"/>
  <testcase classname="com.qa.beameducation.testscripts.Class2Test" name="addcase" time="38.374"/>
  <testcase classname="com.qa.beameducation.testscripts.Class2Test" name="addcase" time="37.974"/>
  <testcase classname="com.qa.beameducation.testscripts.Class2Test" name="addcase" time="40.689"/>
  <testcase classname="com.qa.beameducation.testscripts.Class2Test" name="addcase" time="38.930"/>
  <testcase classname="com.qa.beameducation.testscripts.Class2Test" name="addcase" time="37.896"/>
  <testcase classname="com.qa.beameducation.testscripts.Class2Test" name="addcase" time="41.766"/>
  <testcase classname="com.qa.beameducation.testscripts.Class2Test" name="addcase" time="38.935"/>
  <testcase classname="com.qa.beameducation.testscripts.Class2Test" name="addcase" time="38.305"/>
  <testcase classname="com.qa.beameducation.testscripts.Class2Test" name="addcase" time="38.132"/>
  <testcase classname="com.qa.beameducation.testscripts.Class2Test" name="addcase" time="42.888"/>
  <testcase classname="com.qa.beameducation.testscripts.Class2Test" name="addcase" time="38.392"/>
  <testcase classname="com.qa.beameducation.testscripts.Class2Test" name="addcase" time="37.978"/>
  <testcase classname="com.qa.beameducation.testscripts.Class2Test" name="addcase" time="38.573"/>
  <testcase classname="com.qa.beameducation.testscripts.Class2Test" name="addcase" time="37.946"/>
  <testcase classname="com.qa.beameducation.testscripts.Class2Test" name="addcase" time="41.979"/>
  <testcase classname="com.qa.beameducation.testscripts.Class2Test" name="addcase" time="38.381"/>
  <testcase classname="com.qa.beameducation.testscripts.Class2Test" name="addcase" time="38.244"/>
  <testcase classname="com.qa.beameducation.testscripts.Class2Test" name="addcase" time="38.791"/>
  <testcase classname="com.qa.beameducation.testscripts.Class2Test" name="addcase" time="38.500"/>
  <testcase classname="com.qa.beameducation.testscripts.Class2Test" name="addcase" time="38.400"/>
  <testcase classname="com.qa.beameducation.testscripts.Class2Test" name="addcase" time="40.490"/>
  <testcase classname="com.qa.beameducation.testscripts.Class2Test" name="addcase" time="38.488"/>
  <testcase classname="com.qa.beameducation.testscripts.Class2Test" name="addcase" time="37.903"/>
  <testcase classname="com.qa.beameducation.testscripts.Class2Test" name="addcase" time="40.517"/>
  <testcase classname="com.qa.beameducation.testscripts.Class2Test" name="addcase" time="42.311"/>
  <testcase classname="com.qa.beameducation.testscripts.Class2Test" name="addcase" time="41.913"/>
  <testcase classname="com.qa.beameducation.testscripts.Class2Test" name="addcase" time="37.908"/>
  <testcase classname="com.qa.beameducation.testscripts.Class2Test" name="addcase" time="42.581"/>
  <testcase classname="com.qa.beameducation.testscripts.Class2Test" name="addcase" time="38.511"/>
  <testcase classname="com.qa.beameducation.testscripts.Class2Test" name="addcase" time="41.263"/>
  <testcase classname="com.qa.beameducation.testscripts.Class2Test" name="addcase" time="38.560"/>
  <testcase classname="com.qa.beameducation.testscripts.Class2Test" name="addcase" time="43.087"/>
  <testcase classname="com.qa.beameducation.testscripts.Class2Test" name="addcase" time="38.151"/>
  <testcase classname="com.qa.beameducation.testscripts.Class2Test" name="addcase" time="38.061"/>
  <testcase classname="com.qa.beameducation.testscripts.Class2Test" name="addcase" time="37.779"/>
  <testcase classname="com.qa.beameducation.testscripts.Class2Test" name="addcase" time="38.457"/>
  <testcase classname="com.qa.beameducation.testscripts.Class2Test" name="addcase" time="40.859"/>
  <testcase classname="com.qa.beameducation.testscripts.Class2Test" name="addcase" time="37.940"/>
  <testcase classname="com.qa.beameducation.testscripts.Class2Test" name="addcase" time="40.850"/>
  <testcase classname="com.qa.beameducation.testscripts.Class2Test" name="addcase" time="38.272"/>
  <testcase classname="com.qa.beameducation.testscripts.Class2Test" name="addcase" time="41.014"/>
  <testcase classname="com.qa.beameducation.testscripts.Class2Test" name="addcase" time="40.955"/>
  <testcase classname="com.qa.beameducation.testscripts.Class2Test" name="addcase" time="38.128"/>
  <testcase classname="com.qa.beameducation.testscripts.Class2Test" name="addcase" time="38.015"/>
  <testcase classname="com.qa.beameducation.testscripts.Class2Test" name="addcase" time="37.635"/>
  <testcase classname="com.qa.beameducation.testscripts.Class2Test" name="addcase" time="38.230"/>
  <testcase classname="com.qa.beameducation.testscripts.Class2Test" name="addcase" time="41.352"/>
  <testcase classname="com.qa.beameducation.testscripts.Class2Test" name="addcase" time="37.849"/>
  <testcase classname="com.qa.beameducation.testscripts.Class2Test" name="addcase" time="38.118"/>
  <testcase classname="com.qa.beameducation.testscripts.Class2Test" name="addcase" time="38.002"/>
  <testcase classname="com.qa.beameducation.testscripts.Class2Test" name="addcase" time="42.218"/>
  <testcase classname="com.qa.beameducation.testscripts.Class2Test" name="addcase" time="41.450"/>
  <testcase classname="com.qa.beameducation.testscripts.Class2Test" name="addcase" time="38.475"/>
  <testcase classname="com.qa.beameducation.testscripts.Class2Test" name="addcase" time="38.093"/>
  <testcase classname="com.qa.beameducation.testscripts.Class2Test" name="addcase" time="38.386"/>
  <testcase classname="com.qa.beameducation.testscripts.Class2Test" name="addcase" time="38.451"/>
  <testcase classname="com.qa.beameducation.testscripts.Class2Test" name="addcase" time="38.029"/>
  <testcase classname="com.qa.beameducation.testscripts.Class2Test" name="addcase" time="38.403"/>
  <testcase classname="com.qa.beameducation.testscripts.Class2Test" name="addcase" time="37.912"/>
  <testcase classname="com.qa.beameducation.testscripts.Class2Test" name="addcase" time="42.088"/>
  <testcase classname="com.qa.beameducation.testscripts.Class2Test" name="addcase" time="41.110"/>
  <testcase classname="com.qa.beameducation.testscripts.Class2Test" name="addcase" time="41.399"/>
  <testcase classname="com.qa.beameducation.testscripts.Class2Test" name="addcase" time="41.166"/>
  <testcase classname="com.qa.beameducation.testscripts.Class2Test" name="addcase" time="38.275"/>
  <testcase classname="com.qa.beameducation.testscripts.Class2Test" name="addcase" time="38.338"/>
  <testcase classname="com.qa.beameducation.testscripts.Class2Test" name="addcase" time="38.506"/>
  <testcase classname="com.qa.beameducation.testscripts.Class2Test" name="addcase" time="38.154"/>
  <testcase classname="com.qa.beameducation.testscripts.Class2Test" name="addcase" time="37.903"/>
  <testcase classname="com.qa.beameducation.testscripts.Class2Test" name="addcase" time="38.247"/>
  <testcase classname="com.qa.beameducation.testscripts.Class2Test" name="addcase" time="38.404"/>
  <testcase classname="com.qa.beameducation.testscripts.Class2Test" name="addcase" time="38.389"/>
  <testcase classname="com.qa.beameducation.testscripts.Class2Test" name="addcase" time="38.506"/>
  <testcase classname="com.qa.beameducation.testscripts.Class2Test" name="addcase" time="43.202"/>
  <testcase classname="com.qa.beameducation.testscripts.Class2Test" name="addcase" time="37.964"/>
  <testcase classname="com.qa.beameducation.testscripts.Class2Test" name="addcase" time="42.145"/>
  <testcase classname="com.qa.beameducation.testscripts.Class2Test" name="addcase" time="38.146"/>
  <testcase classname="com.qa.beameducation.testscripts.Class2Test" name="addcase" time="38.818"/>
  <testcase classname="com.qa.beameducation.testscripts.Class2Test" name="addcase" time="37.993"/>
  <testcase classname="com.qa.beameducation.testscripts.Class2Test" name="addcase" time="38.166"/>
  <testcase classname="com.qa.beameducation.testscripts.Class2Test" name="addcase" time="38.523"/>
  <testcase classname="com.qa.beameducation.testscripts.Class2Test" name="addcase" time="37.860"/>
  <testcase classname="com.qa.beameducation.testscripts.Class2Test" name="addcase" time="37.766"/>
  <testcase classname="com.qa.beameducation.testscripts.Class2Test" name="addcase" time="41.411"/>
  <testcase classname="com.qa.beameducation.testscripts.Class2Test" name="addcase" time="37.681"/>
  <testcase classname="com.qa.beameducation.testscripts.Class2Test" name="addcase" time="38.239"/>
  <testcase classname="com.qa.beameducation.testscripts.Class2Test" name="addcase" time="42.262"/>
  <testcase classname="com.qa.beameducation.testscripts.Class2Test" name="addcase" time="43.305"/>
  <testcase classname="com.qa.beameducation.testscripts.Class2Test" name="addcase" time="38.382"/>
  <testcase classname="com.qa.beameducation.testscripts.Class2Test" name="addcase" time="38.527"/>
  <testcase classname="com.qa.beameducation.testscripts.Class2Test" name="addcase" time="39.689"/>
  <testcase classname="com.qa.beameducation.testscripts.Class2Test" name="addcase" time="38.291"/>
</testsuite> <!-- com.qa.beameducation.testscripts.Class2Test -->
